\BOOKMARK [0][-]{chapter.2}{\376\377\0001\000\040\000I\000n\000t\000r\000o\000d\000u\000c\000t\000i\000o\000n}{}% 1
\BOOKMARK [1][-]{section.3}{\376\377\0001\000.\0001\000\040\000A\000i\000m\000\040\000o\000f\000\040\000t\000h\000e\000\040\000p\000r\000o\000j\000e\000c\000t}{chapter.2}% 2
\BOOKMARK [1][-]{section.4}{\376\377\0001\000.\0002\000\040\000A\000i\000m\000\040\000o\000f\000\040\000t\000h\000e\000\040\000c\000o\000u\000r\000s\000e}{chapter.2}% 3
\BOOKMARK [0][-]{chapter.5}{\376\377\0002\000\040\000B\000a\000c\000k\000g\000r\000o\000u\000n\000d\000\040\000T\000h\000e\000o\000r\000y}{}% 4
\BOOKMARK [1][-]{section.6}{\376\377\0002\000.\0001\000\040\000A\000g\000i\000l\000e\000\040\000S\000o\000f\000t\000w\000a\000r\000e\000\040\000D\000e\000v\000e\000l\000o\000p\000m\000e\000n\000t}{chapter.5}% 5
\BOOKMARK [1][-]{section.7}{\376\377\0002\000.\0002\000\040\000R\000u\000b\000y\000\040\000o\000n\000\040\000R\000a\000i\000l\000s}{chapter.5}% 6
\BOOKMARK [0][-]{chapter.9}{\376\377\0003\000\040\000A\000n\000a\000l\000y\000s\000i\000s\000\040\000a\000n\000d\000\040\000D\000e\000s\000i\000g\000n}{}% 7
\BOOKMARK [1][-]{section.10}{\376\377\0003\000.\0001\000\040\000W\000e\000b\000\040\000a\000p\000p\000l\000i\000c\000a\000t\000i\000o\000n\000\040\000a\000r\000c\000h\000i\000t\000e\000c\000t\000u\000r\000e}{chapter.9}% 8
\BOOKMARK [1][-]{section.11}{\376\377\0003\000.\0002\000\040\000M\000o\000d\000e\000l\000s\000\040\000d\000e\000s\000i\000g\000n}{chapter.9}% 9
\BOOKMARK [2][-]{subsection.12}{\376\377\0003\000.\0002\000.\0001\000\040\000U\000s\000e\000r}{section.11}% 10
\BOOKMARK [2][-]{subsection.13}{\376\377\0003\000.\0002\000.\0002\000\040\000S\000e\000s\000s\000i\000o\000n}{section.11}% 11
\BOOKMARK [2][-]{subsection.14}{\376\377\0003\000.\0002\000.\0003\000\040\000T\000i\000m\000e\000t\000a\000b\000l\000e}{section.11}% 12
\BOOKMARK [2][-]{subsection.15}{\376\377\0003\000.\0002\000.\0004\000\040\000E\000v\000e\000n\000t}{section.11}% 13
\BOOKMARK [2][-]{subsection.16}{\376\377\0003\000.\0002\000.\0005\000\040\000P\000a\000r\000t\000i\000c\000i\000p\000a\000n\000t}{section.11}% 14
\BOOKMARK [2][-]{subsection.17}{\376\377\0003\000.\0002\000.\0006\000\040\000C\000o\000n\000t\000a\000c\000t}{section.11}% 15
\BOOKMARK [0][-]{chapter.18}{\376\377\0004\000\040\000T\000e\000a\000m\000\040\000W\000o\000r\000k}{}% 16
\BOOKMARK [1][-]{section.19}{\376\377\0004\000.\0001\000\040\000H\000o\000w\000\040\000w\000e\000\040\000a\000p\000p\000l\000y\000\040\000A\000g\000i\000l\000e\000\040\000p\000r\000o\000c\000e\000s\000s}{chapter.18}% 17
\BOOKMARK [1][-]{section.20}{\376\377\0004\000.\0002\000\040\000C\000o\000m\000m\000u\000n\000i\000c\000a\000t\000i\000o\000n\000\040\000b\000e\000t\000w\000e\000e\000n\000\040\000t\000h\000e\000\040\000t\000e\000a\000m}{chapter.18}% 18
\BOOKMARK [1][-]{section.21}{\376\377\0004\000.\0003\000\040\000S\000t\000r\000u\000m\000e\000n\000t\000s\000\040\000a\000n\000d\000\040\000a\000p\000p\000l\000i\000c\000a\000t\000i\000o\000n\000\040\000u\000s\000e\000d}{chapter.18}% 19
\BOOKMARK [2][-]{subsection.22}{\376\377\0004\000.\0003\000.\0001\000\040\000G\000i\000t\000h\000u\000b}{section.21}% 20
\BOOKMARK [2][-]{subsection.23}{\376\377\0004\000.\0003\000.\0002\000\040\000P\000i\000v\000o\000t\000a\000l\000\040\000T\000r\000a\000c\000k\000e\000r}{section.21}% 21
\BOOKMARK [0][-]{chapter.24}{\376\377\0005\000\040\000D\000i\000s\000c\000u\000s\000s\000i\000o\000n}{}% 22
\BOOKMARK [0][-]{chapter.25}{\376\377\0006\000\040\000C\000o\000n\000c\000l\000u\000s\000i\000o\000n\000s}{}% 23
\BOOKMARK [1][-]{section.26}{\376\377\0006\000.\0001\000\040\000E\000v\000a\000l\000u\000a\000t\000i\000o\000n}{chapter.25}% 24
\BOOKMARK [1][-]{section.27}{\376\377\0006\000.\0002\000\040\000F\000u\000r\000t\000h\000e\000r\000\040\000W\000o\000r\000k\000s\000\040\000o\000n\000\040\000t\000h\000e\000\040\000p\000r\000o\000j\000e\000c\000t}{chapter.25}% 25
\BOOKMARK [1][-]{section.28}{\376\377\0006\000.\0003\000\040\000F\000u\000r\000t\000h\000e\000r\000\040\000W\000o\000r\000k\000s\000\040\000o\000n\000\040\000t\000h\000e\000\040\000t\000e\000a\000m\000\040\000w\000o\000r\000k\000\040\000p\000r\000o\000c\000e\000s\000s}{chapter.25}% 26
